[debug] [2020-08-10T03:32:34.307Z] ----------------------------------------------------------------------
[debug] [2020-08-10T03:32:34.313Z] Command:       C:\Program Files\nodejs\node.exe C:\Users\user\AppData\Roaming\npm\node_modules\firebase-tools\lib\bin\firebase.js serve
[debug] [2020-08-10T03:32:34.314Z] CLI Version:   8.7.0
[debug] [2020-08-10T03:32:34.314Z] Platform:      win32
[debug] [2020-08-10T03:32:34.315Z] Node Version:  v12.18.3
[debug] [2020-08-10T03:32:34.316Z] Time:          Mon Aug 10 2020 04:32:34 GMT+0100 (West Africa Standard Time)
[debug] [2020-08-10T03:32:34.317Z] ----------------------------------------------------------------------
[debug] [2020-08-10T03:32:34.317Z] 
[debug] [2020-08-10T03:32:34.338Z] > command requires scopes: ["email","openid","https://www.googleapis.com/auth/cloudplatformprojects.readonly","https://www.googleapis.com/auth/firebase","https://www.googleapis.com/auth/cloud-platform"]
[debug] [2020-08-10T03:32:34.339Z] > authorizing via signed-in user
[debug] [2020-08-10T03:32:34.340Z] [iam] checking project sax-firegram for permissions ["firebase.projects.get"]
[debug] [2020-08-10T03:32:34.348Z] >>> HTTP REQUEST POST https://cloudresourcemanager.googleapis.com/v1/projects/sax-firegram:testIamPermissions  
 {"permissions":["firebase.projects.get"]}
[debug] [2020-08-10T03:32:36.410Z] <<< HTTP RESPONSE 200 {"content-type":"application/json; charset=UTF-8","vary":"X-Origin, Referer, Origin,Accept-Encoding","date":"Mon, 10 Aug 2020 03:32:36 GMT","server":"ESF","cache-control":"private","x-xss-protection":"0","x-frame-options":"SAMEORIGIN","x-content-type-options":"nosniff","server-timing":"gfet4t7; dur=1105","alt-svc":"h3-29=\":443\"; ma=2592000,h3-27=\":443\"; ma=2592000,h3-T050=\":443\"; ma=2592000,h3-Q050=\":443\"; ma=2592000,h3-Q046=\":443\"; ma=2592000,h3-Q043=\":443\"; ma=2592000,quic=\":443\"; ma=2592000; v=\"46,43\"","accept-ranges":"none","transfer-encoding":"chunked"}
[debug] [2020-08-10T03:32:36.414Z] >>> HTTP REQUEST GET https://firebase.googleapis.com/v1beta1/projects/sax-firegram  
 
[debug] [2020-08-10T03:32:37.851Z] <<< HTTP RESPONSE 200 {"content-type":"application/json; charset=UTF-8","vary":"X-Origin, Referer, Origin,Accept-Encoding","date":"Mon, 10 Aug 2020 03:32:37 GMT","server":"ESF","cache-control":"private","x-xss-protection":"0","x-frame-options":"SAMEORIGIN","x-content-type-options":"nosniff","alt-svc":"h3-29=\":443\"; ma=2592000,h3-27=\":443\"; ma=2592000,h3-T050=\":443\"; ma=2592000,h3-Q050=\":443\"; ma=2592000,h3-Q046=\":443\"; ma=2592000,h3-Q043=\":443\"; ma=2592000,quic=\":443\"; ma=2592000; v=\"46,43\"","accept-ranges":"none","transfer-encoding":"chunked"}
[info] 
[info] === Serving from 'C:\Users\user\Sax\DeployedProjects\firegram\firegram'...
[info] 
[debug] [2020-08-10T03:32:37.859Z] >>> HTTP REQUEST GET https://firebase.googleapis.com/v1beta1/projects/sax-firegram/webApps/-/config  
 
